<?xml version="1.0" encoding="UTF-8"?>
<testng-results ignored="0" total="1" passed="1" failed="0" skipped="0">
  <reporter-output>
  </reporter-output>
  <suite started-at="2024-09-20T19:56:16Z" name="Default suite" finished-at="2024-09-20T19:56:40Z" duration-ms="24823">
    <groups>
    </groups>
    <test started-at="2024-09-20T19:56:16Z" name="Default test" finished-at="2024-09-20T19:56:40Z" duration-ms="24823">
      <class name="TestBot.Appium.AndroidDragDemo">
        <test-method is-config="true" signature="configureAppium()[pri:0, instance:TestBot.Appium.AndroidDragDemo@1d8bd0de]" started-at="2024-09-20T19:56:16Z" name="configureAppium" finished-at="2024-09-20T19:56:25Z" duration-ms="9433" status="PASS">
          <reporter-output>
          </reporter-output>
        </test-method> <!-- configureAppium -->
        <test-method signature="DragDemoTest()[pri:0, instance:TestBot.Appium.AndroidDragDemo@1d8bd0de]" started-at="2024-09-20T19:56:25Z" name="DragDemoTest" finished-at="2024-09-20T19:56:40Z" duration-ms="14885" status="PASS">
          <reporter-output>
          </reporter-output>
        </test-method> <!-- DragDemoTest -->
        <test-method is-config="true" signature="tearDown()[pri:0, instance:TestBot.Appium.AndroidDragDemo@1d8bd0de]" started-at="2024-09-20T19:56:40Z" name="tearDown" finished-at="2024-09-20T19:56:40Z" duration-ms="495" status="PASS">
          <reporter-output>
          </reporter-output>
        </test-method> <!-- tearDown -->
      </class> <!-- TestBot.Appium.AndroidDragDemo -->
    </test> <!-- Default test -->
  </suite> <!-- Default suite -->
</testng-results>
