<?xml version="1.0" encoding="UTF-8"?>
<testng-results ignored="0" total="1" passed="1" failed="0" skipped="0">
  <reporter-output>
  </reporter-output>
  <suite started-at="2024-09-21T17:57:35Z" name="Default suite" finished-at="2024-09-21T17:58:19Z" duration-ms="44075">
    <groups>
    </groups>
    <test started-at="2024-09-21T17:57:35Z" name="Default test" finished-at="2024-09-21T17:58:19Z" duration-ms="44075">
      <class name="TestBot.Appium.AndroidEcommerce_tc_1">
        <test-method is-config="true" signature="configureAppium()[pri:0, instance:TestBot.Appium.AndroidEcommerce_tc_1@45ca843]" started-at="2024-09-21T17:57:35Z" name="configureAppium" finished-at="2024-09-21T17:57:45Z" duration-ms="10609" status="PASS">
          <reporter-output>
          </reporter-output>
        </test-method> <!-- configureAppium -->
        <test-method signature="fillForm()[pri:0, instance:TestBot.Appium.AndroidEcommerce_tc_1@45ca843]" started-at="2024-09-21T17:57:45Z" name="fillForm" finished-at="2024-09-21T17:58:18Z" duration-ms="32851" status="PASS">
          <reporter-output>
          </reporter-output>
        </test-method> <!-- fillForm -->
        <test-method is-config="true" signature="tearDown()[pri:0, instance:TestBot.Appium.AndroidEcommerce_tc_1@45ca843]" started-at="2024-09-21T17:58:18Z" name="tearDown" finished-at="2024-09-21T17:58:19Z" duration-ms="600" status="PASS">
          <reporter-output>
          </reporter-output>
        </test-method> <!-- tearDown -->
      </class> <!-- TestBot.Appium.AndroidEcommerce_tc_1 -->
    </test> <!-- Default test -->
  </suite> <!-- Default suite -->
</testng-results>
