<?xml version="1.0" encoding="UTF-8"?>
<testng-results ignored="0" total="1" passed="1" failed="0" skipped="0">
  <reporter-output>
  </reporter-output>
  <suite started-at="2024-10-02T09:38:31Z" name="Default suite" finished-at="2024-10-02T09:38:55Z" duration-ms="24036">
    <groups>
    </groups>
    <test started-at="2024-10-02T09:38:31Z" name="Default test" finished-at="2024-10-02T09:38:55Z" duration-ms="24036">
      <class name="TestBot.Appium.AndroidMobileBrowserTest">
        <test-method is-config="true" signature="configureAppium()[pri:0, instance:TestBot.Appium.AndroidMobileBrowserTest@60015ef5]" started-at="2024-10-02T09:38:31Z" name="configureAppium" finished-at="2024-10-02T09:38:47Z" duration-ms="16393" status="PASS">
          <reporter-output>
          </reporter-output>
        </test-method> <!-- configureAppium -->
        <test-method signature="mobileBrowserTest()[pri:0, instance:TestBot.Appium.AndroidMobileBrowserTest@60015ef5]" started-at="2024-10-02T09:38:47Z" name="mobileBrowserTest" finished-at="2024-10-02T09:38:54Z" duration-ms="7040" status="PASS">
          <reporter-output>
          </reporter-output>
        </test-method> <!-- mobileBrowserTest -->
        <test-method is-config="true" signature="tearDown()[pri:0, instance:TestBot.Appium.AndroidMobileBrowserTest@60015ef5]" started-at="2024-10-02T09:38:54Z" name="tearDown" finished-at="2024-10-02T09:38:55Z" duration-ms="581" status="PASS">
          <reporter-output>
          </reporter-output>
        </test-method> <!-- tearDown -->
      </class> <!-- TestBot.Appium.AndroidMobileBrowserTest -->
    </test> <!-- Default test -->
  </suite> <!-- Default suite -->
</testng-results>
